<?xml version="1.0" encoding="UTF-8"?>
<!-- Generated by org.testng.reporters.JUnitXMLReporter -->
<testsuite ignored="0" hostname="BRIAPWLpLl4e149" failures="0" tests="4" name="Default test" time="63.978" errors="0" timestamp="2024-04-01T19:33:55 IST">
  <testcase classname="com.cra.qa.testcases.ContactsPageTest" name="validateCreateNewContact" time="4.634"/>
  <testcase classname="com.cra.qa.testcases.ContactsPageTest" name="validateCreateNewContact" time="4.521"/>
  <testcase classname="com.cra.qa.testcases.ContactsPageTest" name="validateCreateNewContact" time="4.518"/>
  <testcase classname="com.cra.qa.testcases.ContactsPageTest" name="validateCreateNewContact" time="5.212"/>
</testsuite> <!-- Default test -->
