<?xml version="1.0" encoding="UTF-8"?>
<testng-results ignored="0" total="8" passed="8" failed="0" skipped="0">
  <reporter-output>
  </reporter-output>
  <suite started-at="2024-04-01T19:53:17 IST" name="Free CRM TestNG Practice Suite" finished-at="2024-04-01T19:55:15 IST" duration-ms="117861">
    <groups>
    </groups>
    <test started-at="2024-04-01T19:53:17 IST" name="Free CRM App Test" finished-at="2024-04-01T19:55:15 IST" duration-ms="117861">
      <class name="com.cra.qa.testcases.LoginPageTest">
        <test-method is-config="true" signature="setUp()[pri:0, instance:com.cra.qa.testcases.LoginPageTest@6150c3ec]" started-at="2024-04-01T19:53:59 IST" name="setUp" finished-at="2024-04-01T19:54:06 IST" duration-ms="6429" status="PASS">
          <reporter-output>
          </reporter-output>
        </test-method> <!-- setUp -->
        <test-method signature="loginTest()[pri:1, instance:com.cra.qa.testcases.LoginPageTest@6150c3ec]" started-at="2024-04-01T19:54:06 IST" name="loginTest" finished-at="2024-04-01T19:54:06 IST" duration-ms="334" status="PASS">
          <reporter-output>
          </reporter-output>
        </test-method> <!-- loginTest -->
        <test-method is-config="true" signature="tearDown()[pri:0, instance:com.cra.qa.testcases.LoginPageTest@6150c3ec]" started-at="2024-04-01T19:54:06 IST" name="tearDown" finished-at="2024-04-01T19:54:06 IST" duration-ms="1" status="PASS">
          <reporter-output>
          </reporter-output>
        </test-method> <!-- tearDown -->
      </class> <!-- com.cra.qa.testcases.LoginPageTest -->
      <class name="com.cra.qa.testcases.ContactsPageTest">
        <test-method is-config="true" signature="setUp()[pri:0, instance:com.cra.qa.testcases.ContactsPageTest@44c03695]" started-at="2024-04-01T19:54:06 IST" name="setUp" finished-at="2024-04-01T19:54:23 IST" duration-ms="16769" status="PASS">
          <reporter-output>
          </reporter-output>
        </test-method> <!-- setUp -->
        <test-method signature="validateCreateNewContact(java.lang.String,java.lang.String)[pri:0, instance:com.cra.qa.testcases.ContactsPageTest@44c03695]" started-at="2024-04-01T19:54:23 IST" name="validateCreateNewContact" data-provider="getCRMTestData" finished-at="2024-04-01T19:54:28 IST" duration-ms="5159" status="PASS">
          <params>
            <param index="0">
              <value>
                <![CDATA[purva]]>
              </value>
            </param>
            <param index="1">
              <value>
                <![CDATA[gupta]]>
              </value>
            </param>
          </params>
          <reporter-output>
          </reporter-output>
        </test-method> <!-- validateCreateNewContact -->
        <test-method is-config="true" signature="tearDown()[pri:0, instance:com.cra.qa.testcases.ContactsPageTest@44c03695]" started-at="2024-04-01T19:54:28 IST" name="tearDown" finished-at="2024-04-01T19:54:29 IST" duration-ms="331" status="PASS">
          <reporter-output>
          </reporter-output>
        </test-method> <!-- tearDown -->
        <test-method is-config="true" signature="setUp()[pri:0, instance:com.cra.qa.testcases.ContactsPageTest@44c03695]" started-at="2024-04-01T19:54:29 IST" name="setUp" finished-at="2024-04-01T19:54:40 IST" duration-ms="11536" status="PASS">
          <reporter-output>
          </reporter-output>
        </test-method> <!-- setUp -->
        <test-method signature="validateCreateNewContact(java.lang.String,java.lang.String)[pri:0, instance:com.cra.qa.testcases.ContactsPageTest@44c03695]" started-at="2024-04-01T19:54:40 IST" name="validateCreateNewContact" data-provider="getCRMTestData" finished-at="2024-04-01T19:54:45 IST" duration-ms="4531" status="PASS">
          <params>
            <param index="0">
              <value>
                <![CDATA[aditya]]>
              </value>
            </param>
            <param index="1">
              <value>
                <![CDATA[tiwari]]>
              </value>
            </param>
          </params>
          <reporter-output>
          </reporter-output>
        </test-method> <!-- validateCreateNewContact -->
        <test-method is-config="true" signature="tearDown()[pri:0, instance:com.cra.qa.testcases.ContactsPageTest@44c03695]" started-at="2024-04-01T19:54:45 IST" name="tearDown" finished-at="2024-04-01T19:54:45 IST" duration-ms="377" status="PASS">
          <reporter-output>
          </reporter-output>
        </test-method> <!-- tearDown -->
        <test-method is-config="true" signature="setUp()[pri:0, instance:com.cra.qa.testcases.ContactsPageTest@44c03695]" started-at="2024-04-01T19:54:45 IST" name="setUp" finished-at="2024-04-01T19:54:54 IST" duration-ms="9264" status="PASS">
          <reporter-output>
          </reporter-output>
        </test-method> <!-- setUp -->
        <test-method signature="validateCreateNewContact(java.lang.String,java.lang.String)[pri:0, instance:com.cra.qa.testcases.ContactsPageTest@44c03695]" started-at="2024-04-01T19:54:54 IST" name="validateCreateNewContact" data-provider="getCRMTestData" finished-at="2024-04-01T19:54:59 IST" duration-ms="4488" status="PASS">
          <params>
            <param index="0">
              <value>
                <![CDATA[chotu]]>
              </value>
            </param>
            <param index="1">
              <value>
                <![CDATA[gupta]]>
              </value>
            </param>
          </params>
          <reporter-output>
          </reporter-output>
        </test-method> <!-- validateCreateNewContact -->
        <test-method is-config="true" signature="tearDown()[pri:0, instance:com.cra.qa.testcases.ContactsPageTest@44c03695]" started-at="2024-04-01T19:54:59 IST" name="tearDown" finished-at="2024-04-01T19:54:59 IST" duration-ms="357" status="PASS">
          <reporter-output>
          </reporter-output>
        </test-method> <!-- tearDown -->
        <test-method is-config="true" signature="setUp()[pri:0, instance:com.cra.qa.testcases.ContactsPageTest@44c03695]" started-at="2024-04-01T19:54:59 IST" name="setUp" finished-at="2024-04-01T19:55:10 IST" duration-ms="10615" status="PASS">
          <reporter-output>
          </reporter-output>
        </test-method> <!-- setUp -->
        <test-method signature="validateCreateNewContact(java.lang.String,java.lang.String)[pri:0, instance:com.cra.qa.testcases.ContactsPageTest@44c03695]" started-at="2024-04-01T19:55:10 IST" name="validateCreateNewContact" data-provider="getCRMTestData" finished-at="2024-04-01T19:55:14 IST" duration-ms="4512" status="PASS">
          <params>
            <param index="0">
              <value>
                <![CDATA[radhe]]>
              </value>
            </param>
            <param index="1">
              <value>
                <![CDATA[laal]]>
              </value>
            </param>
          </params>
          <reporter-output>
          </reporter-output>
        </test-method> <!-- validateCreateNewContact -->
        <test-method is-config="true" signature="tearDown()[pri:0, instance:com.cra.qa.testcases.ContactsPageTest@44c03695]" started-at="2024-04-01T19:55:14 IST" name="tearDown" finished-at="2024-04-01T19:55:15 IST" duration-ms="266" status="PASS">
          <reporter-output>
          </reporter-output>
        </test-method> <!-- tearDown -->
      </class> <!-- com.cra.qa.testcases.ContactsPageTest -->
      <class name="com.cra.qa.testcases.HomePageTest">
        <test-method is-config="true" signature="setUp()[pri:0, instance:com.cra.qa.testcases.HomePageTest@4802796d]" started-at="2024-04-01T19:53:17 IST" name="setUp" finished-at="2024-04-01T19:53:36 IST" duration-ms="19027" status="PASS">
          <reporter-output>
          </reporter-output>
        </test-method> <!-- setUp -->
        <test-method signature="validateCurrentUserTest()[pri:0, instance:com.cra.qa.testcases.HomePageTest@4802796d]" started-at="2024-04-01T19:53:36 IST" name="validateCurrentUserTest" finished-at="2024-04-01T19:53:38 IST" duration-ms="2434" status="PASS">
          <reporter-output>
          </reporter-output>
        </test-method> <!-- validateCurrentUserTest -->
        <test-method is-config="true" signature="setUp()[pri:0, instance:com.cra.qa.testcases.HomePageTest@4802796d]" started-at="2024-04-01T19:53:38 IST" name="setUp" finished-at="2024-04-01T19:53:46 IST" duration-ms="7657" status="PASS">
          <reporter-output>
          </reporter-output>
        </test-method> <!-- setUp -->
        <test-method signature="verifyContactsTest()[pri:0, instance:com.cra.qa.testcases.HomePageTest@4802796d]" started-at="2024-04-01T19:53:46 IST" name="verifyContactsTest" finished-at="2024-04-01T19:53:48 IST" duration-ms="2454" status="PASS">
          <reporter-output>
          </reporter-output>
        </test-method> <!-- verifyContactsTest -->
        <test-method is-config="true" signature="setUp()[pri:0, instance:com.cra.qa.testcases.HomePageTest@4802796d]" started-at="2024-04-01T19:53:48 IST" name="setUp" finished-at="2024-04-01T19:53:59 IST" duration-ms="10746" status="PASS">
          <reporter-output>
          </reporter-output>
        </test-method> <!-- setUp -->
        <test-method signature="verifyHomePageTitleTest()[pri:0, instance:com.cra.qa.testcases.HomePageTest@4802796d]" started-at="2024-04-01T19:53:59 IST" name="verifyHomePageTitleTest" finished-at="2024-04-01T19:53:59 IST" duration-ms="10" status="PASS">
          <reporter-output>
          </reporter-output>
        </test-method> <!-- verifyHomePageTitleTest -->
      </class> <!-- com.cra.qa.testcases.HomePageTest -->
    </test> <!-- Free CRM App Test -->
  </suite> <!-- Free CRM TestNG Practice Suite -->
</testng-results>
